<?xml version="1.0" encoding="UTF-8"?>
<!-- Generated by org.testng.reporters.JUnitXMLReporter -->
<testsuite hostname="RSI1583" ignored="0" name="Default test" tests="2" failures="0" timestamp="2020-01-16T15:43:10 BRT" time="29.649" errors="0">
  <testcase name="searchHomePositivo" time="5.084" classname="br.com.rsinet.hub_tdd.provaTDD.automationFramework.SearchClick_Test"/>
  <testcase name="searchHomeNegativo" time="3.571" classname="br.com.rsinet.hub_tdd.provaTDD.automationFramework.SearchClick_Test"/>
</testsuite> <!-- Default test -->
