<?xml version="1.0" encoding="UTF-8"?>
<testng-results skipped="0" failed="0" ignored="0" total="1" passed="1">
  <reporter-output>
  </reporter-output>
  <suite name="Default suite" duration-ms="10318" started-at="2020-01-14T15:15:28 BRT" finished-at="2020-01-14T15:15:38 BRT">
    <groups>
    </groups>
    <test name="Default test" duration-ms="10318" started-at="2020-01-14T15:15:28 BRT" finished-at="2020-01-14T15:15:38 BRT">
      <class name="br.com.rsinet.hub_tdd.provaTDD.automationFramework.SearchHome_Test">
        <test-method status="PASS" signature="openBrowser()[pri:0, instance:br.com.rsinet.hub_tdd.provaTDD.automationFramework.SearchHome_Test@48503868]" name="openBrowser" is-config="true" duration-ms="6794" started-at="2020-01-14T15:15:28 BRT" finished-at="2020-01-14T15:15:35 BRT">
          <reporter-output>
          </reporter-output>
        </test-method> <!-- openBrowser -->
        <test-method status="PASS" signature="searchHomePositivo()[pri:0, instance:br.com.rsinet.hub_tdd.provaTDD.automationFramework.SearchHome_Test@48503868]" name="searchHomePositivo" duration-ms="3501" started-at="2020-01-14T15:15:35 BRT" finished-at="2020-01-14T15:15:38 BRT">
          <reporter-output>
          </reporter-output>
        </test-method> <!-- searchHomePositivo -->
      </class> <!-- br.com.rsinet.hub_tdd.provaTDD.automationFramework.SearchHome_Test -->
    </test> <!-- Default test -->
  </suite> <!-- Default suite -->
</testng-results>
