<?xml version="1.0" encoding="UTF-8"?>
<testng-results skipped="0" failed="0" ignored="0" total="1" passed="1">
  <reporter-output>
    <line>
      <![CDATA[ChromeDriver inicializado com sucesso.]]>
    </line>
    <line>
      <![CDATA[Pesquisa realizada com sucesso.]]>
    </line>
  </reporter-output>
  <suite name="Default suite" duration-ms="15293" started-at="2020-01-15T13:54:26 BRT" finished-at="2020-01-15T13:54:42 BRT">
    <groups>
    </groups>
    <test name="Default test" duration-ms="15293" started-at="2020-01-15T13:54:26 BRT" finished-at="2020-01-15T13:54:42 BRT">
      <class name="br.com.rsinet.hub_tdd.provaTDD.automationFramework.SearchHome_Test">
        <test-method status="PASS" signature="openBrowser()[pri:0, instance:br.com.rsinet.hub_tdd.provaTDD.automationFramework.SearchHome_Test@2bbf4b8b]" name="openBrowser" is-config="true" duration-ms="10891" started-at="2020-01-15T13:54:26 BRT" finished-at="2020-01-15T13:54:37 BRT">
          <reporter-output>
          </reporter-output>
        </test-method> <!-- openBrowser -->
        <test-method status="PASS" signature="searchHomePositivo()[pri:0, instance:br.com.rsinet.hub_tdd.provaTDD.automationFramework.SearchHome_Test@2bbf4b8b]" name="searchHomePositivo" duration-ms="3767" started-at="2020-01-15T13:54:37 BRT" finished-at="2020-01-15T13:54:41 BRT">
          <reporter-output>
            <line>
              <![CDATA[ChromeDriver inicializado com sucesso.]]>
            </line>
            <line>
              <![CDATA[Pesquisa realizada com sucesso.]]>
            </line>
          </reporter-output>
        </test-method> <!-- searchHomePositivo -->
        <test-method status="PASS" signature="encerra()[pri:0, instance:br.com.rsinet.hub_tdd.provaTDD.automationFramework.SearchHome_Test@2bbf4b8b]" name="encerra" is-config="true" duration-ms="608" started-at="2020-01-15T13:54:41 BRT" finished-at="2020-01-15T13:54:42 BRT">
          <reporter-output>
          </reporter-output>
        </test-method> <!-- encerra -->
      </class> <!-- br.com.rsinet.hub_tdd.provaTDD.automationFramework.SearchHome_Test -->
    </test> <!-- Default test -->
  </suite> <!-- Default suite -->
</testng-results>
